2024-03-18 01:34:46,987 INFO o.s.b.StartupInfoLogger [main] Starting Web4Application using Java 20.0.1 with PID 23783 (/Users/alexalex/Desktop/cm_math/lab3/cm3/target/classes started by alexalex in /Users/alexalex/Desktop/cm_math/lab3/cm3)
2024-03-18 01:34:46,991 INFO o.s.b.SpringApplication [main] No active profile set, falling back to 1 default profile: "default"
2024-03-18 01:34:47,616 INFO o.s.b.w.e.t.TomcatWebServer [main] Tomcat initialized with port(s): 8080 (http)
2024-03-18 01:34:47,620 INFO o.a.j.l.DirectJDKLog [main] Initializing ProtocolHandler ["http-nio-8080"]
2024-03-18 01:34:47,621 INFO o.a.j.l.DirectJDKLog [main] Starting service [Tomcat]
2024-03-18 01:34:47,621 INFO o.a.j.l.DirectJDKLog [main] Starting Servlet engine: [Apache Tomcat/10.1.15]
2024-03-18 01:34:47,692 INFO o.a.j.l.DirectJDKLog [main] Initializing Spring embedded WebApplicationContext
2024-03-18 01:34:47,693 INFO o.s.b.w.s.c.ServletWebServerApplicationContext [main] Root WebApplicationContext: initialization completed in 658 ms
2024-03-18 01:34:47,928 INFO o.a.j.l.DirectJDKLog [main] Starting ProtocolHandler ["http-nio-8080"]
2024-03-18 01:34:47,942 INFO o.s.b.w.e.t.TomcatWebServer [main] Tomcat started on port(s): 8080 (http) with context path ''
2024-03-18 01:34:47,953 INFO o.s.b.StartupInfoLogger [main] Started Web4Application in 1.41 seconds (process running for 2.256)
2024-03-18 01:36:24,162 INFO o.s.b.StartupInfoLogger [main] Starting Web4Application using Java 20.0.1 with PID 23819 (/Users/alexalex/Desktop/cm_math/lab3/cm3/target/classes started by alexalex in /Users/alexalex/Desktop/cm_math/lab3/cm3)
2024-03-18 01:36:24,163 INFO o.s.b.SpringApplication [main] No active profile set, falling back to 1 default profile: "default"
2024-03-18 01:36:24,565 INFO o.s.b.w.e.t.TomcatWebServer [main] Tomcat initialized with port(s): 8080 (http)
2024-03-18 01:36:24,569 INFO o.a.j.l.DirectJDKLog [main] Initializing ProtocolHandler ["http-nio-8080"]
2024-03-18 01:36:24,570 INFO o.a.j.l.DirectJDKLog [main] Starting service [Tomcat]
2024-03-18 01:36:24,570 INFO o.a.j.l.DirectJDKLog [main] Starting Servlet engine: [Apache Tomcat/10.1.15]
2024-03-18 01:36:24,623 INFO o.a.j.l.DirectJDKLog [main] Initializing Spring embedded WebApplicationContext
2024-03-18 01:36:24,623 INFO o.s.b.w.s.c.ServletWebServerApplicationContext [main] Root WebApplicationContext: initialization completed in 437 ms
2024-03-18 01:36:24,765 INFO o.a.j.l.DirectJDKLog [main] Starting ProtocolHandler ["http-nio-8080"]
2024-03-18 01:36:24,774 INFO o.s.b.w.e.t.TomcatWebServer [main] Tomcat started on port(s): 8080 (http) with context path ''
2024-03-18 01:36:24,779 INFO o.s.b.StartupInfoLogger [main] Started Web4Application in 0.894 seconds (process running for 1.358)
2024-03-18 01:36:35,925 INFO o.a.j.l.DirectJDKLog [http-nio-8080-exec-1] Initializing Spring DispatcherServlet 'dispatcherServlet'
2024-03-18 01:36:35,926 INFO o.s.w.s.FrameworkServlet [http-nio-8080-exec-1] Initializing Servlet 'dispatcherServlet'
2024-03-18 01:36:35,928 INFO o.s.w.s.FrameworkServlet [http-nio-8080-exec-1] Completed initialization in 1 ms
2024-03-18 01:36:35,988 INFO c.e.w.c.AttemptController [http-nio-8080-exec-2] Функция: 4.0; Метод: 1.0; Граница левая: 0.0; Граница правая: -1.0; Точность: 0.01; 
2024-03-18 01:36:35,988 INFO c.e.w.v.DataValidation [http-nio-8080-exec-2] point > a: false; point<b: false
2024-03-18 01:36:35,989 ERROR c.e.w.c.AttemptController [http-nio-8080-exec-2] На границ(е/ах) есть точк(а/и), в которых первообразная функции не существует, расхождение
2024-03-18 01:36:51,809 INFO c.e.w.c.AttemptController [http-nio-8080-exec-3] Функция: 3.0; Метод: 1.0; Граница левая: 0.0; Граница правая: -1.0; Точность: 0.01; 
2024-03-18 01:36:51,811 INFO c.e.w.v.DataValidation [http-nio-8080-exec-3] point > a: false; point<b: false
2024-03-18 01:36:51,811 INFO c.e.w.v.DataValidation [http-nio-8080-exec-3] point > a: true; point<b: false
2024-03-18 01:36:51,814 INFO c.e.w.v.DataValidation [http-nio-8080-exec-3] f_dx(a): 0.0; f_dx(b): -1.5707963267948966
2024-03-18 01:36:51,814 INFO c.e.w.m.m.RetangleLeftMethod [http-nio-8080-exec-3] Метод левых
2024-03-18 01:36:51,814 WARN c.e.w.m.m.RetangleLeftMethod [http-nio-8080-exec-3] Замена границ
2024-03-18 01:36:51,817 INFO c.e.w.m.AnswerInfo [http-nio-8080-exec-3] т: 0.01; ans: NaN; abs: NaN; count: 8
2024-03-18 01:36:51,817 INFO c.e.w.c.AttemptController [http-nio-8080-exec-3] Успешно
2024-03-18 01:37:00,692 INFO c.e.w.c.AttemptController [http-nio-8080-exec-4] Функция: 3.0; Метод: 1.0; Граница левая: 1.0; Граница правая: -1.0; Точность: 0.01; 
2024-03-18 01:37:00,693 INFO c.e.w.v.DataValidation [http-nio-8080-exec-4] point > a: false; point<b: false
2024-03-18 01:37:00,693 INFO c.e.w.v.DataValidation [http-nio-8080-exec-4] point > a: false; point<b: false
2024-03-18 01:37:00,694 INFO c.e.w.v.DataValidation [http-nio-8080-exec-4] f_dx(a): 1.5707963267948966; f_dx(b): -1.5707963267948966
2024-03-18 01:37:00,694 INFO c.e.w.m.m.RetangleLeftMethod [http-nio-8080-exec-4] Метод левых
2024-03-18 01:37:00,694 WARN c.e.w.m.m.RetangleLeftMethod [http-nio-8080-exec-4] Замена границ
2024-03-18 01:37:00,695 INFO c.e.w.m.AnswerInfo [http-nio-8080-exec-4] т: 0.01; ans: NaN; abs: NaN; count: 8
2024-03-18 01:37:00,695 INFO c.e.w.c.AttemptController [http-nio-8080-exec-4] Успешно
2024-03-18 01:37:07,992 INFO o.s.b.StartupInfoLogger [main] Starting Web4Application using Java 20.0.1 with PID 23830 (/Users/alexalex/Desktop/cm_math/lab3/cm3/target/classes started by alexalex in /Users/alexalex/Desktop/cm_math/lab3/cm3)
2024-03-18 01:37:07,993 INFO o.s.b.SpringApplication [main] No active profile set, falling back to 1 default profile: "default"
2024-03-18 01:37:08,412 INFO o.s.b.w.e.t.TomcatWebServer [main] Tomcat initialized with port(s): 8080 (http)
2024-03-18 01:37:08,417 INFO o.a.j.l.DirectJDKLog [main] Initializing ProtocolHandler ["http-nio-8080"]
2024-03-18 01:37:08,418 INFO o.a.j.l.DirectJDKLog [main] Starting service [Tomcat]
2024-03-18 01:37:08,418 INFO o.a.j.l.DirectJDKLog [main] Starting Servlet engine: [Apache Tomcat/10.1.15]
2024-03-18 01:37:08,468 INFO o.a.j.l.DirectJDKLog [main] Initializing Spring embedded WebApplicationContext
2024-03-18 01:37:08,469 INFO o.s.b.w.s.c.ServletWebServerApplicationContext [main] Root WebApplicationContext: initialization completed in 454 ms
2024-03-18 01:37:08,616 INFO o.a.j.l.DirectJDKLog [main] Starting ProtocolHandler ["http-nio-8080"]
2024-03-18 01:37:08,628 INFO o.s.b.w.e.t.TomcatWebServer [main] Tomcat started on port(s): 8080 (http) with context path ''
2024-03-18 01:37:08,635 INFO o.s.b.StartupInfoLogger [main] Started Web4Application in 0.864 seconds (process running for 1.557)
2024-03-18 01:37:10,941 INFO o.a.j.l.DirectJDKLog [http-nio-8080-exec-1] Initializing Spring DispatcherServlet 'dispatcherServlet'
2024-03-18 01:37:10,942 INFO o.s.w.s.FrameworkServlet [http-nio-8080-exec-1] Initializing Servlet 'dispatcherServlet'
2024-03-18 01:37:10,945 INFO o.s.w.s.FrameworkServlet [http-nio-8080-exec-1] Completed initialization in 3 ms
2024-03-18 01:37:11,089 INFO c.e.w.c.AttemptController [http-nio-8080-exec-1] Функция: 3.0; Метод: 1.0; Граница левая: 1.0; Граница правая: -1.0; Точность: 0.01; 
2024-03-18 01:37:11,090 INFO c.e.w.v.DataValidation [http-nio-8080-exec-1] point > a: false; point<b: false
2024-03-18 01:37:11,090 INFO c.e.w.v.DataValidation [http-nio-8080-exec-1] point > a: false; point<b: false
2024-03-18 01:37:11,093 INFO c.e.w.v.DataValidation [http-nio-8080-exec-1] f_dx(a): 1.5707963267948966; f_dx(b): -1.5707963267948966
2024-03-18 01:37:11,096 INFO c.e.w.m.m.RetangleLeftMethod [http-nio-8080-exec-1] Метод левых
2024-03-18 01:37:11,104 WARN c.e.w.m.m.RetangleLeftMethod [http-nio-8080-exec-1] Замена границ
2024-03-18 01:37:11,127 INFO c.e.w.m.AnswerInfo [http-nio-8080-exec-1] т: 0.01; ans: NaN; abs: NaN; count: 8
2024-03-18 01:37:11,129 INFO c.e.w.c.AttemptController [http-nio-8080-exec-1] Успешно
2024-03-18 01:37:28,717 INFO c.e.w.c.AttemptController [http-nio-8080-exec-2] Функция: 3.0; Метод: 1.0; Граница левая: 1.0; Граница правая: -1.0; Точность: 0.01; 
2024-03-18 01:37:28,719 INFO c.e.w.v.DataValidation [http-nio-8080-exec-2] point > a: false; point<b: false
2024-03-18 01:37:28,719 INFO c.e.w.v.DataValidation [http-nio-8080-exec-2] point > a: false; point<b: false
2024-03-18 01:37:28,719 INFO c.e.w.v.DataValidation [http-nio-8080-exec-2] f_dx(a): 1.5707963267948966; f_dx(b): -1.5707963267948966
2024-03-18 01:37:28,719 INFO c.e.w.m.m.RetangleLeftMethod [http-nio-8080-exec-2] Метод левых
2024-03-18 01:37:28,719 WARN c.e.w.m.m.RetangleLeftMethod [http-nio-8080-exec-2] Замена границ
2024-03-18 01:37:28,720 INFO c.e.w.m.AnswerInfo [http-nio-8080-exec-2] т: 0.01; ans: NaN; abs: NaN; count: 8
2024-03-18 01:37:28,720 INFO c.e.w.c.AttemptController [http-nio-8080-exec-2] Успешно
2024-03-18 01:37:37,673 INFO c.e.w.c.AttemptController [http-nio-8080-exec-3] Функция: 3.0; Метод: 1.0; Граница левая: -1.0; Граница правая: 1.0; Точность: 0.01; 
2024-03-18 01:37:37,675 INFO c.e.w.v.DataValidation [http-nio-8080-exec-3] point > a: false; point<b: true
2024-03-18 01:37:37,675 INFO c.e.w.v.DataValidation [http-nio-8080-exec-3] point > a: true; point<b: false
2024-03-18 01:37:37,676 INFO c.e.w.v.DataValidation [http-nio-8080-exec-3] f_dx(a): -1.5707963267948966; f_dx(b): 1.5707963267948966
2024-03-18 01:37:37,678 INFO c.e.w.m.m.RetangleLeftMethod [http-nio-8080-exec-3] Метод левых
2024-03-18 01:37:37,729 INFO c.e.w.m.AnswerInfo [http-nio-8080-exec-3] т: 0.01; ans: 3.152881443697954; abs: 0.004905442500345784; count: 262144
2024-03-18 01:37:37,730 INFO c.e.w.c.AttemptController [http-nio-8080-exec-3] Успешно
2024-03-18 01:37:46,703 INFO c.e.w.c.AttemptController [http-nio-8080-exec-4] Функция: 3.0; Метод: 1.0; Граница левая: 1.0; Граница правая: -1.0; Точность: 0.01; 
2024-03-18 01:37:46,705 INFO c.e.w.v.DataValidation [http-nio-8080-exec-4] point > a: false; point<b: false
2024-03-18 01:37:46,706 INFO c.e.w.v.DataValidation [http-nio-8080-exec-4] point > a: false; point<b: false
2024-03-18 01:37:46,706 INFO c.e.w.v.DataValidation [http-nio-8080-exec-4] f_dx(a): 1.5707963267948966; f_dx(b): -1.5707963267948966
2024-03-18 01:37:46,706 INFO c.e.w.m.m.RetangleLeftMethod [http-nio-8080-exec-4] Метод левых
2024-03-18 01:37:46,707 WARN c.e.w.m.m.RetangleLeftMethod [http-nio-8080-exec-4] Замена границ
2024-03-18 01:37:46,707 INFO c.e.w.m.AnswerInfo [http-nio-8080-exec-4] т: 0.01; ans: NaN; abs: NaN; count: 8
2024-03-18 01:37:46,708 INFO c.e.w.c.AttemptController [http-nio-8080-exec-4] Успешно
2024-03-18 01:38:51,117 INFO o.s.b.StartupInfoLogger [main] Starting Web4Application using Java 20.0.1 with PID 23848 (/Users/alexalex/Desktop/cm_math/lab3/cm3/target/classes started by alexalex in /Users/alexalex/Desktop/cm_math/lab3/cm3)
2024-03-18 01:38:51,119 INFO o.s.b.SpringApplication [main] No active profile set, falling back to 1 default profile: "default"
2024-03-18 01:38:51,494 INFO o.s.b.w.e.t.TomcatWebServer [main] Tomcat initialized with port(s): 8080 (http)
2024-03-18 01:38:51,498 INFO o.a.j.l.DirectJDKLog [main] Initializing ProtocolHandler ["http-nio-8080"]
2024-03-18 01:38:51,499 INFO o.a.j.l.DirectJDKLog [main] Starting service [Tomcat]
2024-03-18 01:38:51,499 INFO o.a.j.l.DirectJDKLog [main] Starting Servlet engine: [Apache Tomcat/10.1.15]
2024-03-18 01:38:51,540 INFO o.a.j.l.DirectJDKLog [main] Initializing Spring embedded WebApplicationContext
2024-03-18 01:38:51,541 INFO o.s.b.w.s.c.ServletWebServerApplicationContext [main] Root WebApplicationContext: initialization completed in 396 ms
2024-03-18 01:38:51,674 INFO o.a.j.l.DirectJDKLog [main] Starting ProtocolHandler ["http-nio-8080"]
2024-03-18 01:38:51,688 INFO o.s.b.w.e.t.TomcatWebServer [main] Tomcat started on port(s): 8080 (http) with context path ''
2024-03-18 01:38:51,693 INFO o.s.b.StartupInfoLogger [main] Started Web4Application in 0.848 seconds (process running for 1.34)
2024-03-18 01:39:08,683 INFO o.a.j.l.DirectJDKLog [http-nio-8080-exec-1] Initializing Spring DispatcherServlet 'dispatcherServlet'
2024-03-18 01:39:08,685 INFO o.s.w.s.FrameworkServlet [http-nio-8080-exec-1] Initializing Servlet 'dispatcherServlet'
2024-03-18 01:39:08,686 INFO o.s.w.s.FrameworkServlet [http-nio-8080-exec-1] Completed initialization in 1 ms
2024-03-18 01:39:08,751 INFO c.e.w.c.AttemptController [http-nio-8080-exec-1] Функция: 3.0; Метод: 1.0; Граница левая: 1.0; Граница правая: -1.0; Точность: 0.01; 
2024-03-18 01:39:08,752 INFO c.e.w.v.DataValidation [http-nio-8080-exec-1] point > a: false; point<b: false
2024-03-18 01:39:08,752 INFO c.e.w.v.DataValidation [http-nio-8080-exec-1] point > a: false; point<b: false
2024-03-18 01:39:08,752 INFO c.e.w.v.DataValidation [http-nio-8080-exec-1] f_dx(a): 1.5707963267948966; f_dx(b): -1.5707963267948966
2024-03-18 01:39:08,752 INFO c.e.w.m.m.RetangleLeftMethod [http-nio-8080-exec-1] Метод левых
2024-03-18 01:39:08,752 WARN c.e.w.m.m.RetangleLeftMethod [http-nio-8080-exec-1] Замена границ
2024-03-18 01:39:08,753 INFO c.e.w.m.AnswerInfo [http-nio-8080-exec-1] т: 0.01; ans: NaN; abs: NaN; count: 8
2024-03-18 01:39:08,753 INFO c.e.w.c.AttemptController [http-nio-8080-exec-1] Успешно
2024-03-18 01:40:22,089 INFO o.s.b.StartupInfoLogger [main] Starting Web4ApplicationTests using Java 20.0.1 with PID 23872 (started by alexalex in /Users/alexalex/Desktop/cm_math/lab3/cm3)
2024-03-18 01:40:22,090 INFO o.s.b.SpringApplication [main] No active profile set, falling back to 1 default profile: "default"
2024-03-18 01:40:22,602 INFO o.s.b.StartupInfoLogger [main] Started Web4ApplicationTests in 0.701 seconds (process running for 1.144)
2024-03-18 01:40:27,989 INFO o.s.b.StartupInfoLogger [main] Starting Web4Application using Java 20.0.1 with PID 23886 (/Users/alexalex/Desktop/cm_math/lab3/cm3/target/classes started by alexalex in /Users/alexalex/Desktop/cm_math/lab3/cm3)
2024-03-18 01:40:27,990 INFO o.s.b.SpringApplication [main] No active profile set, falling back to 1 default profile: "default"
2024-03-18 01:40:28,340 INFO o.s.b.w.e.t.TomcatWebServer [main] Tomcat initialized with port(s): 8080 (http)
2024-03-18 01:40:28,352 INFO o.a.j.l.DirectJDKLog [main] Initializing ProtocolHandler ["http-nio-8080"]
2024-03-18 01:40:28,353 INFO o.a.j.l.DirectJDKLog [main] Starting service [Tomcat]
2024-03-18 01:40:28,353 INFO o.a.j.l.DirectJDKLog [main] Starting Servlet engine: [Apache Tomcat/10.1.15]
2024-03-18 01:40:28,391 INFO o.a.j.l.DirectJDKLog [main] Initializing Spring embedded WebApplicationContext
2024-03-18 01:40:28,391 INFO o.s.b.w.s.c.ServletWebServerApplicationContext [main] Root WebApplicationContext: initialization completed in 384 ms
2024-03-18 01:40:28,534 INFO o.a.j.l.DirectJDKLog [main] Starting ProtocolHandler ["http-nio-8080"]
2024-03-18 01:40:28,542 INFO o.s.b.w.e.t.TomcatWebServer [main] Tomcat started on port(s): 8080 (http) with context path ''
2024-03-18 01:40:28,549 INFO o.s.b.StartupInfoLogger [main] Started Web4Application in 0.786 seconds (process running for 1.239)
2024-03-18 01:40:32,244 INFO o.a.j.l.DirectJDKLog [http-nio-8080-exec-1] Initializing Spring DispatcherServlet 'dispatcherServlet'
2024-03-18 01:40:32,245 INFO o.s.w.s.FrameworkServlet [http-nio-8080-exec-1] Initializing Servlet 'dispatcherServlet'
2024-03-18 01:40:32,248 INFO o.s.w.s.FrameworkServlet [http-nio-8080-exec-1] Completed initialization in 3 ms
2024-03-18 01:40:32,331 INFO c.e.w.c.AttemptController [http-nio-8080-exec-1] Функция: 3.0; Метод: 1.0; Граница левая: 1.0; Граница правая: -1.0; Точность: 0.01; 
2024-03-18 01:40:32,332 INFO c.e.w.v.DataValidation [http-nio-8080-exec-1] point > a: false; point<b: true
2024-03-18 01:40:32,332 INFO c.e.w.v.DataValidation [http-nio-8080-exec-1] point > a: true; point<b: false
2024-03-18 01:40:32,333 INFO c.e.w.v.DataValidation [http-nio-8080-exec-1] f_dx(a): -1.5707963267948966; f_dx(b): 1.5707963267948966
2024-03-18 01:40:32,333 INFO c.e.w.m.m.RetangleLeftMethod [http-nio-8080-exec-1] Метод левых
2024-03-18 01:40:32,374 INFO c.e.w.m.AnswerInfo [http-nio-8080-exec-1] т: 0.01; ans: 3.152881443697954; abs: 0.004905442500345784; count: 262144
2024-03-18 01:40:32,375 INFO c.e.w.c.AttemptController [http-nio-8080-exec-1] Успешно
2024-03-18 01:40:38,121 INFO c.e.w.c.AttemptController [http-nio-8080-exec-2] Функция: 3.0; Метод: 1.0; Граница левая: -1.0; Граница правая: 1.0; Точность: 0.01; 
2024-03-18 01:40:38,122 INFO c.e.w.v.DataValidation [http-nio-8080-exec-2] point > a: false; point<b: true
2024-03-18 01:40:38,123 INFO c.e.w.v.DataValidation [http-nio-8080-exec-2] point > a: true; point<b: false
2024-03-18 01:40:38,123 INFO c.e.w.v.DataValidation [http-nio-8080-exec-2] f_dx(a): -1.5707963267948966; f_dx(b): 1.5707963267948966
2024-03-18 01:40:38,123 INFO c.e.w.m.m.RetangleLeftMethod [http-nio-8080-exec-2] Метод левых
2024-03-18 01:40:38,167 INFO c.e.w.m.AnswerInfo [http-nio-8080-exec-2] т: 0.01; ans: 3.152881443697954; abs: 0.004905442500345784; count: 262144
2024-03-18 01:40:38,167 INFO c.e.w.c.AttemptController [http-nio-8080-exec-2] Успешно
